[Wed May 14 08:14:24 UTC 2025] Starting MT4...
ERROR: terminal.exe not found!
Please copy terminal.exe to the mt4-docker-complete directory
[Wed May 14 15:03:23 UTC 2025] Starting MT4...
Starting MT4 terminal...
[Wed May 14 15:03:31 UTC 2025] Starting MT4...
Starting MT4 terminal...
[Wed May 14 15:13:10 UTC 2025] Starting MT4...
Starting MT4 terminal...
[Wed May 14 15:13:57 UTC 2025] Starting MT4...
Starting MT4 terminal...
[Wed May 14 17:20:18 UTC 2025] Starting MT4...
Starting MT4 terminal...
[Wed May 14 17:32:10 UTC 2025] Starting MT4...
Starting MT4 terminal...
[Wed May 14 18:09:58 UTC 2025] Starting MT4...
Starting MT4 terminal...
[Wed May 14 18:11:55 UTC 2025] Starting MT4...
Starting MT4 terminal...
[Wed May 14 18:13:29 UTC 2025] Starting MT4...
Starting MT4 terminal...
[Wed May 14 18:54:09 UTC 2025] Starting MT4...
Starting MT4 terminal...
[Thu May 15 14:39:00 UTC 2025] Starting MT4...
Starting MT4 terminal...
